APP/FRONTEND/build/app/intermediates/manifest_merge_blame_file/release/processReleaseMainManifest/manifest-merger-blame-release-report.txt
1<?xml version="1.0" encoding="utf-8"?>
2<manifest xmlns:android="http://schemas.android.com/apk/res/android"
3    package="com.outdidev.ev_app"
4    android:versionCode="1"
5    android:versionName="1.0.0" >
6
7    <uses-sdk
8        android:minSdkVersion="21"
9        android:targetSdkVersion="35" />
10
11    <!-- Permissions -->
12    <uses-permission android:name="android.permission.INTERNET" />
12-->src/main/AndroidManifest.xml:4:5-67
12-->src/main/AndroidManifest.xml:4:22-64
13    <uses-permission android:name="android.permission.ACCESS_NETWORK_STATE" />
13-->src/main/AndroidManifest.xml:5:5-79
13-->src/main/AndroidManifest.xml:5:22-76
14
15    <!-- Location Permissions -->
16    <uses-permission android:name="android.permission.ACCESS_FINE_LOCATION" />
16-->src/main/AndroidManifest.xml:8:5-79
16-->src/main/AndroidManifest.xml:8:22-76
17    <uses-permission android:name="android.permission.ACCESS_COARSE_LOCATION" />
17-->src/main/AndroidManifest.xml:9:5-81
17-->src/main/AndroidManifest.xml:9:22-78
18
19    <!-- Bluetooth Permissions -->
20    <uses-permission android:name="android.permission.BLUETOOTH" />
20-->src/main/AndroidManifest.xml:12:5-68
20-->src/main/AndroidManifest.xml:12:22-65
21    <uses-permission android:name="android.permission.BLUETOOTH_ADMIN" />
21-->src/main/AndroidManifest.xml:13:5-74
21-->src/main/AndroidManifest.xml:13:22-71
22
23    <!-- Required for Bluetooth on Android 12 and higher -->
24    <uses-permission android:name="android.permission.BLUETOOTH_SCAN" />
24-->src/main/AndroidManifest.xml:16:5-73
24-->src/main/AndroidManifest.xml:16:22-70
25    <uses-permission android:name="android.permission.BLUETOOTH_CONNECT" />
25-->src/main/AndroidManifest.xml:17:5-76
25-->src/main/AndroidManifest.xml:17:22-73
26    <uses-permission android:name="android.permission.BLUETOOTH_ADVERTISE" />
26-->src/main/AndroidManifest.xml:18:5-78
26-->src/main/AndroidManifest.xml:18:22-75
27
28    <queries>
28-->src/main/AndroidManifest.xml:69:5-88:15
29        <intent>
29-->src/main/AndroidManifest.xml:70:9-73:18
30            <action android:name="android.intent.action.PROCESS_TEXT" />
30-->src/main/AndroidManifest.xml:71:13-72
30-->src/main/AndroidManifest.xml:71:21-70
31
32            <data android:mimeType="text/plain" />
32-->src/main/AndroidManifest.xml:72:13-50
32-->src/main/AndroidManifest.xml:72:19-48
33        </intent>
34        <!-- Queries to ensure Bluetooth and related features are available -->
35        <intent>
35-->src/main/AndroidManifest.xml:75:9-77:18
36            <action android:name="android.bluetooth.adapter.action.REQUEST_ENABLE" />
36-->src/main/AndroidManifest.xml:76:13-86
36-->src/main/AndroidManifest.xml:76:21-83
37        </intent>
38        <intent>
38-->src/main/AndroidManifest.xml:78:9-80:18
39            <action android:name="android.intent.action.BLUETOOTH_ADMIN" />
39-->src/main/AndroidManifest.xml:79:13-76
39-->src/main/AndroidManifest.xml:79:21-73
40        </intent>
41        <intent>
41-->src/main/AndroidManifest.xml:81:9-83:18
42            <action android:name="android.intent.action.BLUETOOTH" />
42-->src/main/AndroidManifest.xml:82:13-70
42-->src/main/AndroidManifest.xml:82:21-67
43        </intent>
44        <intent>
44-->src/main/AndroidManifest.xml:84:9-87:18
45            <action android:name="android.intent.action.VIEW" />
45-->src/main/AndroidManifest.xml:85:13-65
45-->src/main/AndroidManifest.xml:85:21-62
46
47            <data android:scheme="https" />
47-->src/main/AndroidManifest.xml:72:13-50
47-->src/main/AndroidManifest.xml:50:23-45
48        </intent>
49    </queries>
50
51    <permission
51-->[androidx.core:core:1.13.1] AndroidManifest.xml:22:5-24:47
52        android:name="com.outdidev.ev_app.DYNAMIC_RECEIVER_NOT_EXPORTED_PERMISSION"
52-->[androidx.core:core:1.13.1] AndroidManifest.xml:23:9-81
53        android:protectionLevel="signature" />
53-->[androidx.core:core:1.13.1] AndroidManifest.xml:24:9-44
54
55    <uses-permission android:name="com.outdidev.ev_app.DYNAMIC_RECEIVER_NOT_EXPORTED_PERMISSION" />
55-->[androidx.core:core:1.13.1] AndroidManifest.xml:26:5-97
55-->[androidx.core:core:1.13.1] AndroidManifest.xml:26:22-94
56
57    <application
58        android:name="android.app.Application"
58-->src/main/AndroidManifest.xml:23:9-42
59        android:appComponentFactory="androidx.core.app.CoreComponentFactory"
59-->[androidx.core:core:1.13.1] AndroidManifest.xml:28:18-86
60        android:enableOnBackInvokedCallback="true"
60-->src/main/AndroidManifest.xml:26:9-51
61        android:extractNativeLibs="true"
62        android:icon="@mipmap/ic_launcher"
62-->src/main/AndroidManifest.xml:24:9-43
63        android:label="ionhive"
63-->src/main/AndroidManifest.xml:22:9-32
64        android:usesCleartextTraffic="true" >
64-->src/main/AndroidManifest.xml:25:9-44
65        <activity
65-->src/main/AndroidManifest.xml:28:9-52:20
66            android:name="com.outdidev.ev_app.MainActivity"
66-->src/main/AndroidManifest.xml:29:13-41
67            android:configChanges="orientation|keyboardHidden|keyboard|screenSize|smallestScreenSize|locale|layoutDirection|fontScale|screenLayout|density|uiMode"
67-->src/main/AndroidManifest.xml:34:13-163
68            android:exported="true"
68-->src/main/AndroidManifest.xml:30:13-36
69            android:hardwareAccelerated="true"
69-->src/main/AndroidManifest.xml:35:13-47
70            android:launchMode="singleTop"
70-->src/main/AndroidManifest.xml:31:13-43
71            android:taskAffinity=""
71-->src/main/AndroidManifest.xml:32:13-36
72            android:theme="@style/LaunchTheme"
72-->src/main/AndroidManifest.xml:33:13-47
73            android:windowSoftInputMode="adjustResize" >
73-->src/main/AndroidManifest.xml:36:13-55
74            <meta-data
74-->src/main/AndroidManifest.xml:38:13-41:17
75                android:name="io.flutter.embedding.android.NormalTheme"
75-->src/main/AndroidManifest.xml:39:15-70
76                android:resource="@style/NormalTheme" />
76-->src/main/AndroidManifest.xml:40:15-52
77
78            <intent-filter>
78-->src/main/AndroidManifest.xml:42:13-45:29
79                <action android:name="android.intent.action.MAIN" />
79-->src/main/AndroidManifest.xml:43:17-68
79-->src/main/AndroidManifest.xml:43:25-66
80
81                <category android:name="android.intent.category.LAUNCHER" />
81-->src/main/AndroidManifest.xml:44:17-76
81-->src/main/AndroidManifest.xml:44:27-74
82            </intent-filter>
83            <intent-filter>
83-->src/main/AndroidManifest.xml:46:13-51:29
84                <action android:name="android.intent.action.VIEW" />
84-->src/main/AndroidManifest.xml:85:13-65
84-->src/main/AndroidManifest.xml:85:21-62
85
86                <category android:name="android.intent.category.DEFAULT" />
86-->src/main/AndroidManifest.xml:48:17-76
86-->src/main/AndroidManifest.xml:48:27-73
87                <category android:name="android.intent.category.BROWSABLE" />
87-->src/main/AndroidManifest.xml:49:17-78
87-->src/main/AndroidManifest.xml:49:27-75
88
89                <data android:scheme="https" />
89-->src/main/AndroidManifest.xml:72:13-50
89-->src/main/AndroidManifest.xml:50:23-45
90            </intent-filter>
91        </activity>
92
93        <meta-data
93-->src/main/AndroidManifest.xml:54:9-56:33
94            android:name="flutterEmbedding"
94-->src/main/AndroidManifest.xml:55:13-44
95            android:value="2" />
95-->src/main/AndroidManifest.xml:56:13-30
96
97        <!-- Google Sign-In Metadata -->
98        <meta-data
98-->src/main/AndroidManifest.xml:59:9-61:56
99            android:name="com.google.android.gms.client_id"
99-->src/main/AndroidManifest.xml:60:13-60
100            android:value="@string/google_client_id" />
100-->src/main/AndroidManifest.xml:61:13-53
101        <meta-data
101-->src/main/AndroidManifest.xml:62:9-64:69
102            android:name="com.google.android.gms.version"
102-->src/main/AndroidManifest.xml:63:13-58
103            android:value="@integer/google_play_services_version" />
103-->src/main/AndroidManifest.xml:64:13-66
104
105        <activity
105-->[:url_launcher_android] AndroidManifest.xml:8:9-11:74
106            android:name="io.flutter.plugins.urllauncher.WebViewActivity"
106-->[:url_launcher_android] AndroidManifest.xml:9:13-74
107            android:exported="false"
107-->[:url_launcher_android] AndroidManifest.xml:10:13-37
108            android:theme="@android:style/Theme.NoTitleBar.Fullscreen" />
108-->[:url_launcher_android] AndroidManifest.xml:11:13-71
109
110        <uses-library
110-->[androidx.window:window:1.2.0] AndroidManifest.xml:23:9-25:40
111            android:name="androidx.window.extensions"
111-->[androidx.window:window:1.2.0] AndroidManifest.xml:24:13-54
112            android:required="false" />
112-->[androidx.window:window:1.2.0] AndroidManifest.xml:25:13-37
113        <uses-library
113-->[androidx.window:window:1.2.0] AndroidManifest.xml:26:9-28:40
114            android:name="androidx.window.sidecar"
114-->[androidx.window:window:1.2.0] AndroidManifest.xml:27:13-51
115            android:required="false" />
115-->[androidx.window:window:1.2.0] AndroidManifest.xml:28:13-37
116
117        <activity
117-->[com.google.android.gms:play-services-auth:21.0.0] AndroidManifest.xml:23:9-27:75
118            android:name="com.google.android.gms.auth.api.signin.internal.SignInHubActivity"
118-->[com.google.android.gms:play-services-auth:21.0.0] AndroidManifest.xml:24:13-93
119            android:excludeFromRecents="true"
119-->[com.google.android.gms:play-services-auth:21.0.0] AndroidManifest.xml:25:13-46
120            android:exported="false"
120-->[com.google.android.gms:play-services-auth:21.0.0] AndroidManifest.xml:26:13-37
121            android:theme="@android:style/Theme.Translucent.NoTitleBar" />
121-->[com.google.android.gms:play-services-auth:21.0.0] AndroidManifest.xml:27:13-72
122        <!--
123            Service handling Google Sign-In user revocation. For apps that do not integrate with
124            Google Sign-In, this service will never be started.
125        -->
126        <service
126-->[com.google.android.gms:play-services-auth:21.0.0] AndroidManifest.xml:33:9-37:51
127            android:name="com.google.android.gms.auth.api.signin.RevocationBoundService"
127-->[com.google.android.gms:play-services-auth:21.0.0] AndroidManifest.xml:34:13-89
128            android:exported="true"
128-->[com.google.android.gms:play-services-auth:21.0.0] AndroidManifest.xml:35:13-36
129            android:permission="com.google.android.gms.auth.api.signin.permission.REVOCATION_NOTIFICATION"
129-->[com.google.android.gms:play-services-auth:21.0.0] AndroidManifest.xml:36:13-107
130            android:visibleToInstantApps="true" />
130-->[com.google.android.gms:play-services-auth:21.0.0] AndroidManifest.xml:37:13-48
131
132        <activity
132-->[com.google.android.gms:play-services-base:18.0.1] AndroidManifest.xml:20:9-22:45
133            android:name="com.google.android.gms.common.api.GoogleApiActivity"
133-->[com.google.android.gms:play-services-base:18.0.1] AndroidManifest.xml:20:19-85
134            android:exported="false"
134-->[com.google.android.gms:play-services-base:18.0.1] AndroidManifest.xml:22:19-43
135            android:theme="@android:style/Theme.Translucent.NoTitleBar" />
135-->[com.google.android.gms:play-services-base:18.0.1] AndroidManifest.xml:21:19-78
136
137        <provider
137-->[androidx.lifecycle:lifecycle-process:2.7.0] AndroidManifest.xml:24:9-32:20
138            android:name="androidx.startup.InitializationProvider"
138-->[androidx.lifecycle:lifecycle-process:2.7.0] AndroidManifest.xml:25:13-67
139            android:authorities="com.outdidev.ev_app.androidx-startup"
139-->[androidx.lifecycle:lifecycle-process:2.7.0] AndroidManifest.xml:26:13-68
140            android:exported="false" >
140-->[androidx.lifecycle:lifecycle-process:2.7.0] AndroidManifest.xml:27:13-37
141            <meta-data
141-->[androidx.lifecycle:lifecycle-process:2.7.0] AndroidManifest.xml:29:13-31:52
142                android:name="androidx.lifecycle.ProcessLifecycleInitializer"
142-->[androidx.lifecycle:lifecycle-process:2.7.0] AndroidManifest.xml:30:17-78
143                android:value="androidx.startup" />
143-->[androidx.lifecycle:lifecycle-process:2.7.0] AndroidManifest.xml:31:17-49
144            <meta-data
144-->[androidx.profileinstaller:profileinstaller:1.3.1] AndroidManifest.xml:29:13-31:52
145                android:name="androidx.profileinstaller.ProfileInstallerInitializer"
145-->[androidx.profileinstaller:profileinstaller:1.3.1] AndroidManifest.xml:30:17-85
146                android:value="androidx.startup" />
146-->[androidx.profileinstaller:profileinstaller:1.3.1] AndroidManifest.xml:31:17-49
147        </provider>
148
149        <receiver
149-->[androidx.profileinstaller:profileinstaller:1.3.1] AndroidManifest.xml:34:9-52:20
150            android:name="androidx.profileinstaller.ProfileInstallReceiver"
150-->[androidx.profileinstaller:profileinstaller:1.3.1] AndroidManifest.xml:35:13-76
151            android:directBootAware="false"
151-->[androidx.profileinstaller:profileinstaller:1.3.1] AndroidManifest.xml:36:13-44
152            android:enabled="true"
152-->[androidx.profileinstaller:profileinstaller:1.3.1] AndroidManifest.xml:37:13-35
153            android:exported="true"
153-->[androidx.profileinstaller:profileinstaller:1.3.1] AndroidManifest.xml:38:13-36
154            android:permission="android.permission.DUMP" >
154-->[androidx.profileinstaller:profileinstaller:1.3.1] AndroidManifest.xml:39:13-57
155            <intent-filter>
155-->[androidx.profileinstaller:profileinstaller:1.3.1] AndroidManifest.xml:40:13-42:29
156                <action android:name="androidx.profileinstaller.action.INSTALL_PROFILE" />
156-->[androidx.profileinstaller:profileinstaller:1.3.1] AndroidManifest.xml:41:17-91
156-->[androidx.profileinstaller:profileinstaller:1.3.1] AndroidManifest.xml:41:25-88
157            </intent-filter>
158            <intent-filter>
158-->[androidx.profileinstaller:profileinstaller:1.3.1] AndroidManifest.xml:43:13-45:29
159                <action android:name="androidx.profileinstaller.action.SKIP_FILE" />
159-->[androidx.profileinstaller:profileinstaller:1.3.1] AndroidManifest.xml:44:17-85
159-->[androidx.profileinstaller:profileinstaller:1.3.1] AndroidManifest.xml:44:25-82
160            </intent-filter>
161            <intent-filter>
161-->[androidx.profileinstaller:profileinstaller:1.3.1] AndroidManifest.xml:46:13-48:29
162                <action android:name="androidx.profileinstaller.action.SAVE_PROFILE" />
162-->[androidx.profileinstaller:profileinstaller:1.3.1] AndroidManifest.xml:47:17-88
162-->[androidx.profileinstaller:profileinstaller:1.3.1] AndroidManifest.xml:47:25-85
163            </intent-filter>
164            <intent-filter>
164-->[androidx.profileinstaller:profileinstaller:1.3.1] AndroidManifest.xml:49:13-51:29
165                <action android:name="androidx.profileinstaller.action.BENCHMARK_OPERATION" />
165-->[androidx.profileinstaller:profileinstaller:1.3.1] AndroidManifest.xml:50:17-95
165-->[androidx.profileinstaller:profileinstaller:1.3.1] AndroidManifest.xml:50:25-92
166            </intent-filter>
167        </receiver>
168    </application>
169
170</manifest>